[30-Jan-2024 15:22:00] NOTICE: fpm is running, pid 3465
[30-Jan-2024 15:22:00] NOTICE: ready to handle connections
[30-Jan-2024 17:35:18] NOTICE: Terminating ...
[30-Jan-2024 17:35:18] NOTICE: Terminating ...
[30-Jan-2024 17:35:18] NOTICE: exiting, bye-bye!
[31-Jan-2024 13:58:44] NOTICE: fpm is running, pid 6788
[31-Jan-2024 13:58:44] NOTICE: ready to handle connections
[31-Jan-2024 17:07:42] NOTICE: Terminating ...
[31-Jan-2024 17:07:42] NOTICE: Terminating ...
[31-Jan-2024 17:07:42] NOTICE: exiting, bye-bye!
[06-Feb-2024 13:52:56] NOTICE: fpm is running, pid 18148
[06-Feb-2024 13:52:56] NOTICE: ready to handle connections
[10-Feb-2024 03:48:09] NOTICE: Terminating ...
[10-Feb-2024 03:48:09] NOTICE: Terminating ...
[10-Feb-2024 03:48:10] NOTICE: exiting, bye-bye!
[15-Feb-2024 11:07:36] NOTICE: fpm is running, pid 20133
[15-Feb-2024 11:07:36] NOTICE: ready to handle connections
[15-Feb-2024 15:33:47] NOTICE: Terminating ...
[15-Feb-2024 15:33:47] NOTICE: Terminating ...
[15-Feb-2024 15:33:47] NOTICE: exiting, bye-bye!
[19-Feb-2024 10:39:19] NOTICE: fpm is running, pid 32286
[19-Feb-2024 10:39:19] NOTICE: ready to handle connections
[19-Feb-2024 11:03:45] NOTICE: Terminating ...
[19-Feb-2024 11:03:45] NOTICE: Terminating ...
[19-Feb-2024 11:03:45] NOTICE: exiting, bye-bye!
[19-Feb-2024 11:03:47] NOTICE: fpm is running, pid 32627
[19-Feb-2024 11:03:47] NOTICE: ready to handle connections
[19-Feb-2024 11:14:11] NOTICE: Terminating ...
[19-Feb-2024 11:14:11] NOTICE: Terminating ...
[19-Feb-2024 11:14:11] NOTICE: exiting, bye-bye!
[19-Feb-2024 11:14:14] NOTICE: fpm is running, pid 32763
[19-Feb-2024 11:14:14] NOTICE: ready to handle connections
[19-Feb-2024 12:09:07] NOTICE: Terminating ...
[19-Feb-2024 12:09:07] NOTICE: Terminating ...
[19-Feb-2024 12:09:07] NOTICE: exiting, bye-bye!
[19-Feb-2024 12:09:09] NOTICE: fpm is running, pid 33561
[19-Feb-2024 12:09:09] NOTICE: ready to handle connections
[19-Feb-2024 21:24:13] NOTICE: Terminating ...
[19-Feb-2024 21:24:13] NOTICE: Terminating ...
[19-Feb-2024 21:24:13] NOTICE: exiting, bye-bye!
[20-Feb-2024 10:36:11] NOTICE: fpm is running, pid 37911
[20-Feb-2024 10:36:11] NOTICE: ready to handle connections
[20-Feb-2024 15:09:36] NOTICE: Terminating ...
[20-Feb-2024 15:09:36] NOTICE: Terminating ...
[20-Feb-2024 15:09:36] NOTICE: exiting, bye-bye!
[21-Feb-2024 10:04:00] NOTICE: fpm is running, pid 40198
[21-Feb-2024 10:04:00] NOTICE: ready to handle connections
[23-Feb-2024 02:39:43] NOTICE: Terminating ...
[23-Feb-2024 02:39:43] NOTICE: Terminating ...
[23-Feb-2024 02:39:43] NOTICE: exiting, bye-bye!
[26-Feb-2024 12:50:39] NOTICE: fpm is running, pid 49219
[26-Feb-2024 12:50:39] NOTICE: ready to handle connections
